1538167779258	geckodriver	INFO	geckodriver 0.20.0
1538167779343	geckodriver	INFO	Listening on 127.0.0.1:56495
1538167780279	mozrunner::runner	INFO	Running command: "/Applications/Firefox.app/Contents/MacOS/firefox-bin" "-marionette" "-profile" "/var/folders/vs/m5_8hw4n0m1_8h33x11zh2jr0000gn/T/rust_mozprofile.kyVyb6DM9aae"
2018-09-28 17:49:42.500 plugin-container[5751:246026] *** CFMessagePort: bootstrap_register(): failed 1100 (0x44c) 'Permission denied', port = 0x7143, name = 'com.apple.tsm.portname'
See /usr/include/servers/bootstrap_defs.h for the error codes.
2018-09-28 17:49:42.736 plugin-container[5751:246026] unable to obtain configuration from file:///Library/Preferences/com.apple.ViewBridge.plist due to Error Domain=NSCocoaErrorDomain Code=257 "The file “com.apple.ViewBridge.plist” couldn’t be opened because you don’t have permission to view it." UserInfo={NSFilePath=/Library/Preferences/com.apple.ViewBridge.plist, NSUnderlyingError=0x10e3d38e0 {Error Domain=NSPOSIXErrorDomain Code=1 "Operation not permitted"}}
2018-09-28 17:49:42.739 plugin-container[5751:246038] +[NSXPCSharedListener endpointForReply:withListenerName:]: an error occurred while attempting to obtain endpoint for listener 'ClientCallsAuxiliary': Connection invalid
1538167783066	Marionette	INFO	Listening on port 56506
1538167783158	Marionette	WARN	TLS certificate errors will be ignored for this session
2018-09-28 17:49:43.450 plugin-container[5752:246144] *** CFMessagePort: bootstrap_register(): failed 1100 (0x44c) 'Permission denied', port = 0x7743, name = 'com.apple.tsm.portname'
See /usr/include/servers/bootstrap_defs.h for the error codes.
2018-09-28 17:49:43.538 plugin-container[5752:246144] unable to obtain configuration from file:///Library/Preferences/com.apple.ViewBridge.plist due to Error Domain=NSCocoaErrorDomain Code=257 "The file “com.apple.ViewBridge.plist” couldn’t be opened because you don’t have permission to view it." UserInfo={NSFilePath=/Library/Preferences/com.apple.ViewBridge.plist, NSUnderlyingError=0x105de1190 {Error Domain=NSPOSIXErrorDomain Code=1 "Operation not permitted"}}
2018-09-28 17:49:43.540 plugin-container[5752:246145] +[NSXPCSharedListener endpointForReply:withListenerName:]: an error occurred while attempting to obtain endpoint for listener 'ClientCallsAuxiliary': Connection invalid

###!!! [Parent][RunMessage] Error: Channel closing: too late to send/recv, messages will be lost

1538267259382	geckodriver	INFO	geckodriver 0.20.0
1538267259461	geckodriver	INFO	Listening on 127.0.0.1:60087
1538267260396	mozrunner::runner	INFO	Running command: "/Applications/Firefox.app/Contents/MacOS/firefox-bin" "-marionette" "-profile" "/var/folders/vs/m5_8hw4n0m1_8h33x11zh2jr0000gn/T/rust_mozprofile.l337gC2pPDf0"
2018-09-29 21:27:42.843 plugin-container[8593:945857] *** CFMessagePort: bootstrap_register(): failed 1100 (0x44c) 'Permission denied', port = 0x883b, name = 'com.apple.tsm.portname'
See /usr/include/servers/bootstrap_defs.h for the error codes.
2018-09-29 21:27:43.141 plugin-container[8593:945857] unable to obtain configuration from file:///Library/Preferences/com.apple.ViewBridge.plist due to Error Domain=NSCocoaErrorDomain Code=257 "The file “com.apple.ViewBridge.plist” couldn’t be opened because you don’t have permission to view it." UserInfo={NSFilePath=/Library/Preferences/com.apple.ViewBridge.plist, NSUnderlyingError=0x10fc194c0 {Error Domain=NSPOSIXErrorDomain Code=1 "Operation not permitted"}}
2018-09-29 21:27:43.144 plugin-container[8593:945864] +[NSXPCSharedListener endpointForReply:withListenerName:]: an error occurred while attempting to obtain endpoint for listener 'ClientCallsAuxiliary': Connection invalid
1538267263441	Marionette	INFO	Listening on port 60098
1538267263530	Marionette	WARN	TLS certificate errors will be ignored for this session
2018-09-29 21:27:43.857 plugin-container[8595:945974] *** CFMessagePort: bootstrap_register(): failed 1100 (0x44c) 'Permission denied', port = 0x7e37, name = 'com.apple.tsm.portname'
See /usr/include/servers/bootstrap_defs.h for the error codes.
2018-09-29 21:27:43.970 plugin-container[8595:945974] unable to obtain configuration from file:///Library/Preferences/com.apple.ViewBridge.plist due to Error Domain=NSCocoaErrorDomain Code=257 "The file “com.apple.ViewBridge.plist” couldn’t be opened because you don’t have permission to view it." UserInfo={NSFilePath=/Library/Preferences/com.apple.ViewBridge.plist, NSUnderlyingError=0x10c4e1280 {Error Domain=NSPOSIXErrorDomain Code=1 "Operation not permitted"}}
2018-09-29 21:27:43.972 plugin-container[8595:945982] +[NSXPCSharedListener endpointForReply:withListenerName:]: an error occurred while attempting to obtain endpoint for listener 'ClientCallsAuxiliary': Connection invalid
JavaScript error: https://delivery.h.switchadhub.com/set?name=zsync&value=delivery.zidtech.com, line 1: SyntaxError: expected expression, got '<'
JavaScript warning: https://vidstat.taboola.com/vpaid/vPlayer/player/v9.4.1/OvaMediaPlayer.js, line 3: unreachable code after return statement
JavaScript warning: https://vidstat.taboola.com/vpaid/vPlayer/player/v9.4.1/OvaMediaPlayer.js, line 3: unreachable code after return statement
JavaScript warning: https://vidstat.taboola.com/vpaid/vPlayer/player/v9.4.1/OvaMediaPlayer.js, line 3: unreachable code after return statement
JavaScript warning: https://vidstat.taboola.com/vpaid/vPlayer/player/v9.4.1/OvaMediaPlayer.js, line 3: unreachable code after return statement
JavaScript warning: https://vidstat.taboola.com/vpaid/vPlayer/player/v9.4.1/OvaMediaPlayer.js, line 3: unreachable code after return statement
JavaScript warning: https://vidstat.taboola.com/vpaid/vPlayer/player/v9.4.1/OvaMediaPlayer.js, line 3: unreachable code after return statement
JavaScript error: https://cdn-ssl.vidible.tv/prod/ad-client/js/4.1.11/0.js, line 210: NS_ERROR_NOT_INITIALIZED: 
JavaScript error: https://cdn-ssl.vidible.tv/prod/ad-client/js/4.1.11/0.js, line 210: NS_ERROR_NOT_INITIALIZED: 
JavaScript error: https://cdn-ssl.vidible.tv/prod/ad-client/js/4.1.11/0.js, line 210: NS_ERROR_NOT_INITIALIZED: 
JavaScript warning: https://vidstat.taboola.com/vpaid/vPlayer/player/v9.4.1/OvaMediaPlayer.js, line 3: unreachable code after return statement
JavaScript warning: https://vidstat.taboola.com/vpaid/vPlayer/player/v9.4.1/OvaMediaPlayer.js, line 3: unreachable code after return statement
JavaScript error: https://cdn-ssl.vidible.tv/prod/ad-client/js/4.1.11/0.js, line 210: NS_ERROR_NOT_INITIALIZED: 
JavaScript error: https://cdn-ssl.vidible.tv/prod/ad-client/js/4.1.11/0.js, line 210: NS_ERROR_NOT_INITIALIZED: 
JavaScript error: https://cdn-ssl.vidible.tv/prod/ad-client/js/4.1.11/0.js, line 210: NS_ERROR_NOT_INITIALIZED: 
JavaScript error: https://cdn-ssl.vidible.tv/prod/ad-client/js/4.1.11/0.js, line 210: NS_ERROR_NOT_INITIALIZED: 
JavaScript error: https://cdn-ssl.vidible.tv/prod/ad-client/js/4.1.11/0.js, line 210: NS_ERROR_NOT_INITIALIZED: 
JavaScript error: https://www.footballdb.com/players/players.html?q=Ogden, line 1: TypeError: d.body is null
JavaScript error: https://cdn-ssl.vidible.tv/prod/ad-client/js/4.1.11/0.js, line 210: NS_ERROR_NOT_INITIALIZED: 
JavaScript error: https://cdn-ssl.vidible.tv/prod/ad-client/js/4.1.11/0.js, line 210: NS_ERROR_NOT_INITIALIZED: 
JavaScript error: https://cdn-ssl.vidible.tv/prod/ad-client/js/4.1.11/0.js, line 210: NS_ERROR_NOT_INITIALIZED: 
JavaScript error: https://cdn-ssl.vidible.tv/prod/ad-client/js/4.1.11/0.js, line 210: NS_ERROR_NOT_INITIALIZED: 
JavaScript error: https://cdn-ssl.vidible.tv/prod/ad-client/js/4.1.11/0.js, line 210: NS_ERROR_NOT_INITIALIZED: 
JavaScript error: https://cdn-ssl.vidible.tv/prod/ad-client/js/4.1.11/0.js, line 210: NS_ERROR_NOT_INITIALIZED: 
JavaScript error: https://cdn-ssl.vidible.tv/prod/ad-client/js/4.1.11/0.js, line 210: NS_ERROR_NOT_INITIALIZED: 
JavaScript error: https://cdn-ssl.vidible.tv/prod/ad-client/js/4.1.11/0.js, line 210: NS_ERROR_NOT_INITIALIZED: 
JavaScript error: https://cdn-ssl.vidible.tv/prod/ad-client/js/4.1.11/0.js, line 210: NS_ERROR_NOT_INITIALIZED: 
JavaScript error: https://cdn-ssl.vidible.tv/prod/ad-client/js/4.1.11/0.js, line 210: NS_ERROR_NOT_INITIALIZED: 
JavaScript error: https://cdn-ssl.vidible.tv/prod/ad-client/js/4.1.11/0.js, line 210: NS_ERROR_NOT_INITIALIZED: 
JavaScript error: https://cdn.taboola.com/libtrc/impl.325-82-RELEASE.js, line 3: TypeError: this.formatedTRCRequest is undefined
JavaScript error: https://cdn-ssl.vidible.tv/prod/ad-client/js/4.1.11/0.js, line 210: NS_ERROR_NOT_INITIALIZED: 
JavaScript error: https://cdn-ssl.vidible.tv/prod/ad-client/js/4.1.11/0.js, line 210: NS_ERROR_NOT_INITIALIZED: 
JavaScript error: https://cdn-ssl.vidible.tv/prod/ad-client/js/4.1.11/0.js, line 210: NS_ERROR_NOT_INITIALIZED: 
JavaScript error: https://cdn-ssl.vidible.tv/prod/ad-client/js/4.1.11/0.js, line 210: NS_ERROR_NOT_INITIALIZED: 
JavaScript error: https://cdn-ssl.vidible.tv/prod/ad-client/js/4.1.11/0.js, line 210: NS_ERROR_NOT_INITIALIZED: 
JavaScript error: https://cdn-ssl.vidible.tv/prod/ad-client/js/4.1.11/0.js, line 210: NS_ERROR_NOT_INITIALIZED: 
JavaScript error: https://cdn-ssl.vidible.tv/prod/ad-client/js/4.1.11/0.js, line 210: NS_ERROR_NOT_INITIALIZED: 
JavaScript error: https://cdn-ssl.vidible.tv/prod/ad-client/js/4.1.11/0.js, line 210: NS_ERROR_NOT_INITIALIZED: 
JavaScript error: https://cdn-ssl.vidible.tv/prod/ad-client/js/4.1.11/0.js, line 210: NS_ERROR_NOT_INITIALIZED: 
JavaScript error: https://cdn-ssl.vidible.tv/prod/ad-client/js/4.1.11/0.js, line 210: NS_ERROR_NOT_INITIALIZED: 
JavaScript error: https://cdn-ssl.vidible.tv/prod/ad-client/js/4.1.11/0.js, line 210: NS_ERROR_NOT_INITIALIZED: 
JavaScript error: https://cdn-ssl.vidible.tv/prod/ad-client/js/4.1.11/0.js, line 210: NS_ERROR_NOT_INITIALIZED: 
JavaScript error: https://cdn-ssl.vidible.tv/prod/ad-client/js/4.1.11/0.js, line 210: NS_ERROR_NOT_INITIALIZED: 
JavaScript error: https://www.footballdb.com/players/players.html?q=Williams, line 1: TypeError: d.body is null
JavaScript error: https://www.footballdb.com/players/players.html?q=Williams, line 1: TypeError: d.body is null
JavaScript error: https://cdn-ssl.vidible.tv/prod/ad-client/js/4.1.11/0.js, line 210: NS_ERROR_NOT_INITIALIZED: 
JavaScript error: https://cdn-ssl.vidible.tv/prod/ad-client/js/4.1.11/0.js, line 210: NS_ERROR_NOT_INITIALIZED: 
JavaScript error: https://cdn-ssl.vidible.tv/prod/ad-client/js/4.1.11/0.js, line 210: NS_ERROR_NOT_INITIALIZED: 
JavaScript error: https://cdn-ssl.vidible.tv/prod/ad-client/js/4.1.11/0.js, line 210: NS_ERROR_NOT_INITIALIZED: 
JavaScript error: https://cdn-ssl.vidible.tv/prod/ad-client/js/4.1.11/0.js, line 210: NS_ERROR_NOT_INITIALIZED: 
JavaScript error: https://cdn-ssl.vidible.tv/prod/ad-client/js/4.1.11/0.js, line 210: NS_ERROR_NOT_INITIALIZED: 
JavaScript error: https://cdn-ssl.vidible.tv/prod/ad-client/js/4.1.11/0.js, line 210: NS_ERROR_NOT_INITIALIZED: 
JavaScript error: https://cdn-ssl.vidible.tv/prod/ad-client/js/4.1.11/0.js, line 210: NS_ERROR_NOT_INITIALIZED: 
JavaScript error: https://cdn-ssl.vidible.tv/prod/ad-client/js/4.1.11/0.js, line 210: NS_ERROR_NOT_INITIALIZED: 
JavaScript error: https://cdn-ssl.vidible.tv/prod/ad-client/js/4.1.11/0.js, line 210: NS_ERROR_NOT_INITIALIZED: 
JavaScript error: https://cdn-ssl.vidible.tv/prod/ad-client/js/4.1.11/0.js, line 210: NS_ERROR_NOT_INITIALIZED: 
JavaScript error: https://cdn-ssl.vidible.tv/prod/ad-client/js/4.1.11/0.js, line 210: NS_ERROR_NOT_INITIALIZED: 
JavaScript error: https://cdn-ssl.vidible.tv/prod/ad-client/js/4.1.11/0.js, line 210: NS_ERROR_NOT_INITIALIZED: 
JavaScript error: https://cdn-ssl.vidible.tv/prod/ad-client/js/4.1.11/0.js, line 210: NS_ERROR_NOT_INITIALIZED: 
JavaScript error: https://cdn-ssl.vidible.tv/prod/ad-client/js/4.1.11/0.js, line 210: NS_ERROR_NOT_INITIALIZED: 
JavaScript error: https://cdn-ssl.vidible.tv/prod/ad-client/js/4.1.11/0.js, line 210: NS_ERROR_NOT_INITIALIZED: 
JavaScript error: https://cdn-ssl.vidible.tv/prod/ad-client/js/4.1.11/0.js, line 210: NS_ERROR_NOT_INITIALIZED: 
JavaScript error: https://cdn-ssl.vidible.tv/prod/ad-client/js/4.1.11/0.js, line 210: NS_ERROR_NOT_INITIALIZED: 
JavaScript error: https://cdn-ssl.vidible.tv/prod/ad-client/js/4.1.11/0.js, line 210: NS_ERROR_NOT_INITIALIZED: 
JavaScript error: https://cdn-ssl.vidible.tv/prod/ad-client/js/4.1.11/0.js, line 210: NS_ERROR_NOT_INITIALIZED: 
JavaScript error: https://cdn-ssl.vidible.tv/prod/ad-client/js/4.1.11/0.js, line 210: NS_ERROR_NOT_INITIALIZED: 
JavaScript error: https://cdn-ssl.vidible.tv/prod/ad-client/js/4.1.11/0.js, line 210: NS_ERROR_NOT_INITIALIZED: 
JavaScript error: https://cdn-ssl.vidible.tv/prod/ad-client/js/4.1.11/0.js, line 210: NS_ERROR_NOT_INITIALIZED: 
JavaScript error: https://cdn-ssl.vidible.tv/prod/ad-client/js/4.1.11/0.js, line 210: NS_ERROR_NOT_INITIALIZED: 
JavaScript error: https://cdn-ssl.vidible.tv/prod/ad-client/js/4.1.11/0.js, line 210: NS_ERROR_NOT_INITIALIZED: 
JavaScript error: https://cdn-ssl.vidible.tv/prod/ad-client/js/4.1.11/0.js, line 210: NS_ERROR_NOT_INITIALIZED: 
JavaScript error: https://cdn-ssl.vidible.tv/prod/ad-client/js/4.1.11/0.js, line 210: NS_ERROR_NOT_INITIALIZED: 
JavaScript error: https://cdn-ssl.vidible.tv/prod/ad-client/js/4.1.11/0.js, line 210: NS_ERROR_NOT_INITIALIZED: 
JavaScript error: https://vidstat.taboola.com/vpaid/units/18_39_6/infra/cmTagWIDGET_ITEM.js, line 6: ReferenceError: OvaMediaPlayer is not defined
JavaScript error: https://cdn-ssl.vidible.tv/prod/ad-client/js/4.1.11/0.js, line 210: NS_ERROR_NOT_INITIALIZED: 
JavaScript error: https://cdn-ssl.vidible.tv/prod/ad-client/js/4.1.11/0.js, line 210: NS_ERROR_NOT_INITIALIZED: 
JavaScript error: https://cdn-ssl.vidible.tv/prod/ad-client/js/4.1.11/0.js, line 210: NS_ERROR_NOT_INITIALIZED: 
JavaScript error: https://cdn-ssl.vidible.tv/prod/ad-client/js/4.1.11/0.js, line 210: NS_ERROR_NOT_INITIALIZED: 
JavaScript error: https://cdn-ssl.vidible.tv/prod/ad-client/js/4.1.11/0.js, line 210: NS_ERROR_NOT_INITIALIZED: 
JavaScript error: https://cdn-ssl.vidible.tv/prod/ad-client/js/4.1.11/0.js, line 210: NS_ERROR_NOT_INITIALIZED: 
JavaScript error: https://cdn-ssl.vidible.tv/prod/ad-client/js/4.1.11/0.js, line 210: NS_ERROR_NOT_INITIALIZED: 
JavaScript error: https://cdn-ssl.vidible.tv/prod/ad-client/js/4.1.11/0.js, line 210: NS_ERROR_NOT_INITIALIZED: 
JavaScript error: https://cdn-ssl.vidible.tv/prod/ad-client/js/4.1.11/0.js, line 210: NS_ERROR_NOT_INITIALIZED: 
JavaScript error: https://cdn-ssl.vidible.tv/prod/ad-client/js/4.1.11/0.js, line 210: NS_ERROR_NOT_INITIALIZED: 
JavaScript error: https://cdn-ssl.vidible.tv/prod/ad-client/js/4.1.11/0.js, line 210: NS_ERROR_NOT_INITIALIZED: 
JavaScript error: https://cdn-ssl.vidible.tv/prod/ad-client/js/4.1.11/0.js, line 210: NS_ERROR_NOT_INITIALIZED: 
JavaScript error: https://cdn-ssl.vidible.tv/prod/ad-client/js/4.1.11/0.js, line 210: NS_ERROR_NOT_INITIALIZED: 
JavaScript error: https://cdn-ssl.vidible.tv/prod/ad-client/js/4.1.11/0.js, line 210: NS_ERROR_NOT_INITIALIZED: 
JavaScript error: https://cdn-ssl.vidible.tv/prod/ad-client/js/4.1.11/0.js, line 210: NS_ERROR_NOT_INITIALIZED: 
JavaScript error: https://cdn-ssl.vidible.tv/prod/ad-client/js/4.1.11/0.js, line 210: NS_ERROR_NOT_INITIALIZED: 
JavaScript error: https://cdn-ssl.vidible.tv/prod/ad-client/js/4.1.11/0.js, line 210: NS_ERROR_NOT_INITIALIZED: 
JavaScript error: https://cdn-ssl.vidible.tv/prod/ad-client/js/4.1.11/0.js, line 210: NS_ERROR_NOT_INITIALIZED: 
JavaScript error: https://cdn-ssl.vidible.tv/prod/ad-client/js/4.1.11/0.js, line 210: NS_ERROR_NOT_INITIALIZED: 

###!!! [Parent][MessageChannel] Error: (msgtype=0x10003B,name=PBackground::Msg_DispatchLocalStorageChange) Channel closing: too late to send/recv, messages will be lost

JavaScript error: https://cdn-ssl.vidible.tv/prod/ad-client/js/4.1.11/0.js, line 210: NS_ERROR_NOT_INITIALIZED: 
JavaScript error: https://cdn-ssl.vidible.tv/prod/ad-client/js/4.1.11/0.js, line 210: NS_ERROR_NOT_INITIALIZED: 
JavaScript error: https://cdn-ssl.vidible.tv/prod/ad-client/js/4.1.11/0.js, line 210: NS_ERROR_NOT_INITIALIZED: 
JavaScript error: https://cdn-ssl.vidible.tv/prod/ad-client/js/4.1.11/0.js, line 210: NS_ERROR_NOT_INITIALIZED: 
JavaScript error: https://cdn-ssl.vidible.tv/prod/ad-client/js/4.1.11/0.js, line 210: NS_ERROR_NOT_INITIALIZED: 
JavaScript error: https://cdn-ssl.vidible.tv/prod/ad-client/js/4.1.11/0.js, line 210: NS_ERROR_NOT_INITIALIZED: 
JavaScript error: https://cdn-ssl.vidible.tv/prod/ad-client/js/4.1.11/0.js, line 210: NS_ERROR_NOT_INITIALIZED: 
JavaScript error: https://cdn-ssl.vidible.tv/prod/ad-client/js/4.1.11/0.js, line 210: NS_ERROR_NOT_INITIALIZED: 
JavaScript error: https://cdn-ssl.vidible.tv/prod/ad-client/js/4.1.11/0.js, line 210: NS_ERROR_NOT_INITIALIZED: 
JavaScript error: https://cdn-ssl.vidible.tv/prod/ad-client/js/4.1.11/0.js, line 210: NS_ERROR_NOT_INITIALIZED: 
JavaScript error: https://cdn-ssl.vidible.tv/prod/ad-client/js/4.1.11/0.js, line 210: NS_ERROR_NOT_INITIALIZED: 
JavaScript error: https://cdn-ssl.vidible.tv/prod/ad-client/js/4.1.11/0.js, line 210: NS_ERROR_NOT_INITIALIZED: 
JavaScript error: https://ae.nflximg.net/containers/prod/Global_EN_Ozark_S2_GENERAL_300x250_H5-RM_MLT_POST_MONET_traffic_source.zip_f9500e20-ca47-4360-b765-187be7a32113/1.4/build.bundle.js, line 1: TypeError: r is null
JavaScript error: https://cdn-ssl.vidible.tv/prod/ad-client/js/4.1.11/0.js, line 210: NS_ERROR_NOT_INITIALIZED: 
JavaScript error: https://cdn-ssl.vidible.tv/prod/ad-client/js/4.1.11/0.js, line 210: NS_ERROR_NOT_INITIALIZED: 
JavaScript error: https://cdn-ssl.vidible.tv/prod/ad-client/js/4.1.11/0.js, line 210: NS_ERROR_NOT_INITIALIZED: 
JavaScript error: https://cdn-ssl.vidible.tv/prod/ad-client/js/4.1.11/0.js, line 210: NS_ERROR_NOT_INITIALIZED: 
JavaScript error: https://cdn-ssl.vidible.tv/prod/ad-client/js/4.1.11/0.js, line 210: NS_ERROR_NOT_INITIALIZED: 
JavaScript error: https://cdn-ssl.vidible.tv/prod/ad-client/js/4.1.11/0.js, line 210: NS_ERROR_NOT_INITIALIZED: 
JavaScript error: https://cdn-ssl.vidible.tv/prod/ad-client/js/4.1.11/0.js, line 210: NS_ERROR_NOT_INITIALIZED: 
JavaScript error: https://cdn-ssl.vidible.tv/prod/ad-client/js/4.1.11/0.js, line 210: NS_ERROR_NOT_INITIALIZED: 
JavaScript error: https://cdn-ssl.vidible.tv/prod/ad-client/js/4.1.11/0.js, line 210: NS_ERROR_NOT_INITIALIZED: 
JavaScript error: https://cdn-ssl.vidible.tv/prod/ad-client/js/4.1.11/0.js, line 210: NS_ERROR_NOT_INITIALIZED: 
JavaScript error: https://cdn-ssl.vidible.tv/prod/ad-client/js/4.1.11/0.js, line 210: NS_ERROR_NOT_INITIALIZED: 
JavaScript error: https://cdn-ssl.vidible.tv/prod/ad-client/js/4.1.11/0.js, line 210: NS_ERROR_NOT_INITIALIZED: 
JavaScript error: https://cdn-ssl.vidible.tv/prod/ad-client/js/4.1.11/0.js, line 210: NS_ERROR_NOT_INITIALIZED: 
JavaScript error: https://cdn-ssl.vidible.tv/prod/ad-client/js/4.1.11/0.js, line 210: NS_ERROR_NOT_INITIALIZED: 
JavaScript error: https://cdn-ssl.vidible.tv/prod/ad-client/js/4.1.11/0.js, line 210: NS_ERROR_NOT_INITIALIZED: 
JavaScript error: https://cdn-ssl.vidible.tv/prod/ad-client/js/4.1.11/0.js, line 210: NS_ERROR_NOT_INITIALIZED: 
JavaScript error: https://cdn-ssl.vidible.tv/prod/ad-client/js/4.1.11/0.js, line 210: NS_ERROR_NOT_INITIALIZED: 
JavaScript error: https://cdn-ssl.vidible.tv/prod/ad-client/js/4.1.11/0.js, line 210: NS_ERROR_NOT_INITIALIZED: 
JavaScript error: https://cdn-ssl.vidible.tv/prod/ad-client/js/4.1.11/0.js, line 210: NS_ERROR_NOT_INITIALIZED: 
JavaScript error: https://cdn-ssl.vidible.tv/prod/ad-client/js/4.1.11/0.js, line 210: NS_ERROR_NOT_INITIALIZED: 
JavaScript error: https://cdn-ssl.vidible.tv/prod/ad-client/js/4.1.11/0.js, line 210: NS_ERROR_NOT_INITIALIZED: 
JavaScript error: https://cdn-ssl.vidible.tv/prod/ad-client/js/4.1.11/0.js, line 210: NS_ERROR_NOT_INITIALIZED: 
JavaScript error: https://cdn-ssl.vidible.tv/prod/ad-client/js/4.1.11/0.js, line 210: NS_ERROR_NOT_INITIALIZED: 
JavaScript error: https://cdn-ssl.vidible.tv/prod/ad-client/js/4.1.11/0.js, line 210: NS_ERROR_NOT_INITIALIZED: 
JavaScript error: https://cdn-ssl.vidible.tv/prod/ad-client/js/4.1.11/0.js, line 210: NS_ERROR_NOT_INITIALIZED: 
JavaScript error: https://cdn-ssl.vidible.tv/prod/ad-client/js/4.1.11/0.js, line 210: NS_ERROR_NOT_INITIALIZED: 
JavaScript error: https://cdn-ssl.vidible.tv/prod/ad-client/js/4.1.11/0.js, line 210: NS_ERROR_NOT_INITIALIZED: 
JavaScript error: https://cdn-ssl.vidible.tv/prod/ad-client/js/4.1.11/0.js, line 210: NS_ERROR_NOT_INITIALIZED: 
JavaScript error: https://cdn-ssl.vidible.tv/prod/ad-client/js/4.1.11/0.js, line 210: NS_ERROR_NOT_INITIALIZED: 
JavaScript error: https://cdn-ssl.vidible.tv/prod/ad-client/js/4.1.11/0.js, line 210: NS_ERROR_NOT_INITIALIZED: 
JavaScript error: https://cdn-ssl.vidible.tv/prod/ad-client/js/4.1.11/0.js, line 210: NS_ERROR_NOT_INITIALIZED: 
JavaScript error: https://cdn-ssl.vidible.tv/prod/ad-client/js/4.1.11/0.js, line 210: NS_ERROR_NOT_INITIALIZED: 
JavaScript error: https://cdn-ssl.vidible.tv/prod/ad-client/js/4.1.11/0.js, line 210: NS_ERROR_NOT_INITIALIZED: 
JavaScript error: https://cdn-ssl.vidible.tv/prod/ad-client/js/4.1.11/0.js, line 210: NS_ERROR_NOT_INITIALIZED: 
JavaScript error: https://cdn-ssl.vidible.tv/prod/ad-client/js/4.1.11/0.js, line 210: NS_ERROR_NOT_INITIALIZED: 
JavaScript error: https://cdn-ssl.vidible.tv/prod/ad-client/js/4.1.11/0.js, line 210: NS_ERROR_NOT_INITIALIZED: 
JavaScript error: https://cdn-ssl.vidible.tv/prod/ad-client/js/4.1.11/0.js, line 210: NS_ERROR_NOT_INITIALIZED: 
JavaScript error: https://cdn-ssl.vidible.tv/prod/ad-client/js/4.1.11/0.js, line 210: NS_ERROR_NOT_INITIALIZED: 
JavaScript error: https://cdn-ssl.vidible.tv/prod/ad-client/js/4.1.11/0.js, line 210: NS_ERROR_NOT_INITIALIZED: 
JavaScript error: https://cdn-ssl.vidible.tv/prod/ad-client/js/4.1.11/0.js, line 210: NS_ERROR_NOT_INITIALIZED: 
JavaScript error: https://cdn-ssl.vidible.tv/prod/ad-client/js/4.1.11/0.js, line 210: NS_ERROR_NOT_INITIALIZED: 
JavaScript error: https://cdn-ssl.vidible.tv/prod/ad-client/js/4.1.11/0.js, line 210: NS_ERROR_NOT_INITIALIZED: 
JavaScript error: https://cdn-ssl.vidible.tv/prod/ad-client/js/4.1.11/0.js, line 210: NS_ERROR_NOT_INITIALIZED: 
JavaScript error: https://cdn-ssl.vidible.tv/prod/ad-client/js/4.1.11/0.js, line 210: NS_ERROR_NOT_INITIALIZED: 
JavaScript error: https://cdn-ssl.vidible.tv/prod/ad-client/js/4.1.11/0.js, line 210: NS_ERROR_NOT_INITIALIZED: 
JavaScript error: https://cdn-ssl.vidible.tv/prod/ad-client/js/4.1.11/0.js, line 210: NS_ERROR_NOT_INITIALIZED: 
JavaScript error: https://cdn-ssl.vidible.tv/prod/ad-client/js/4.1.11/0.js, line 210: NS_ERROR_NOT_INITIALIZED: 
JavaScript error: https://cdn-ssl.vidible.tv/prod/ad-client/js/4.1.11/0.js, line 210: NS_ERROR_NOT_INITIALIZED: 
JavaScript error: https://cdn-ssl.vidible.tv/prod/ad-client/js/4.1.11/0.js, line 210: NS_ERROR_NOT_INITIALIZED: 
JavaScript error: https://cdn-ssl.vidible.tv/prod/ad-client/js/4.1.11/0.js, line 210: NS_ERROR_NOT_INITIALIZED: 
JavaScript error: https://cdn-ssl.vidible.tv/prod/ad-client/js/4.1.11/0.js, line 210: NS_ERROR_NOT_INITIALIZED: 
JavaScript error: https://cdn-ssl.vidible.tv/prod/ad-client/js/4.1.11/0.js, line 210: NS_ERROR_NOT_INITIALIZED: 
JavaScript error: https://cdn-ssl.vidible.tv/prod/ad-client/js/4.1.11/0.js, line 210: NS_ERROR_NOT_INITIALIZED: 
JavaScript error: https://cdn-ssl.vidible.tv/prod/ad-client/js/4.1.11/0.js, line 210: NS_ERROR_NOT_INITIALIZED: 
JavaScript error: https://cdn-ssl.vidible.tv/prod/ad-client/js/4.1.11/0.js, line 210: NS_ERROR_NOT_INITIALIZED: 
JavaScript error: https://cdn-ssl.vidible.tv/prod/ad-client/js/4.1.11/0.js, line 210: NS_ERROR_NOT_INITIALIZED: 
JavaScript error: https://cdn-ssl.vidible.tv/prod/ad-client/js/4.1.11/0.js, line 210: NS_ERROR_NOT_INITIALIZED: 
JavaScript error: https://cdn-ssl.vidible.tv/prod/ad-client/js/4.1.11/0.js, line 210: NS_ERROR_NOT_INITIALIZED: 
JavaScript error: https://cdn-ssl.vidible.tv/prod/ad-client/js/4.1.11/0.js, line 210: NS_ERROR_NOT_INITIALIZED: 
JavaScript error: https://cdn-ssl.vidible.tv/prod/ad-client/js/4.1.11/0.js, line 210: NS_ERROR_NOT_INITIALIZED: 
JavaScript error: https://cdn-ssl.vidible.tv/prod/ad-client/js/4.1.11/0.js, line 210: NS_ERROR_NOT_INITIALIZED: 
JavaScript error: https://cdn-ssl.vidible.tv/prod/ad-client/js/4.1.11/0.js, line 210: NS_ERROR_NOT_INITIALIZED: 
JavaScript error: https://cdn-ssl.vidible.tv/prod/ad-client/js/4.1.11/0.js, line 210: NS_ERROR_NOT_INITIALIZED: 
JavaScript error: https://cdn-ssl.vidible.tv/prod/ad-client/js/4.1.11/0.js, line 210: NS_ERROR_NOT_INITIALIZED: 
JavaScript error: https://cdn-ssl.vidible.tv/prod/ad-client/js/4.1.11/0.js, line 210: NS_ERROR_NOT_INITIALIZED: 
JavaScript error: https://cdn-ssl.vidible.tv/prod/ad-client/js/4.1.11/0.js, line 210: NS_ERROR_NOT_INITIALIZED: 
JavaScript error: https://cdn-ssl.vidible.tv/prod/ad-client/js/4.1.11/0.js, line 210: NS_ERROR_NOT_INITIALIZED: 
JavaScript error: https://cdn-ssl.vidible.tv/prod/ad-client/js/4.1.11/0.js, line 210: NS_ERROR_NOT_INITIALIZED: 
JavaScript error: https://cdn-ssl.vidible.tv/prod/ad-client/js/4.1.11/0.js, line 210: NS_ERROR_NOT_INITIALIZED: 
JavaScript error: https://cdn-ssl.vidible.tv/prod/ad-client/js/4.1.11/0.js, line 210: NS_ERROR_NOT_INITIALIZED: 
JavaScript error: https://cdn-ssl.vidible.tv/prod/ad-client/js/4.1.11/0.js, line 210: NS_ERROR_NOT_INITIALIZED: 
JavaScript error: https://cdn-ssl.vidible.tv/prod/ad-client/js/4.1.11/0.js, line 210: NS_ERROR_NOT_INITIALIZED: 
JavaScript error: https://cdn-ssl.vidible.tv/prod/ad-client/js/4.1.11/0.js, line 210: NS_ERROR_NOT_INITIALIZED: 
JavaScript error: https://cdn-ssl.vidible.tv/prod/ad-client/js/4.1.11/0.js, line 210: NS_ERROR_NOT_INITIALIZED: 
JavaScript error: https://cdn-ssl.vidible.tv/prod/ad-client/js/4.1.11/0.js, line 210: NS_ERROR_NOT_INITIALIZED: 
JavaScript error: https://cdn-ssl.vidible.tv/prod/ad-client/js/4.1.11/0.js, line 210: NS_ERROR_NOT_INITIALIZED: 
JavaScript error: https://cdn-ssl.vidible.tv/prod/ad-client/js/4.1.11/0.js, line 210: NS_ERROR_NOT_INITIALIZED: 
JavaScript error: https://cdn-ssl.vidible.tv/prod/ad-client/js/4.1.11/0.js, line 210: NS_ERROR_NOT_INITIALIZED: 
JavaScript error: https://cdn-ssl.vidible.tv/prod/ad-client/js/4.1.11/0.js, line 210: NS_ERROR_NOT_INITIALIZED: 
JavaScript error: https://cdn-ssl.vidible.tv/prod/ad-client/js/4.1.11/0.js, line 210: NS_ERROR_NOT_INITIALIZED: 
JavaScript error: https://cdn-ssl.vidible.tv/prod/ad-client/js/4.1.11/0.js, line 210: NS_ERROR_NOT_INITIALIZED: 
JavaScript error: https://cdn-ssl.vidible.tv/prod/ad-client/js/4.1.11/0.js, line 210: NS_ERROR_NOT_INITIALIZED: 
JavaScript error: https://cdn-ssl.vidible.tv/prod/ad-client/js/4.1.11/0.js, line 210: NS_ERROR_NOT_INITIALIZED: 
JavaScript error: https://cdn-ssl.vidible.tv/prod/ad-client/js/4.1.11/0.js, line 210: NS_ERROR_NOT_INITIALIZED: 
JavaScript error: https://cdn-ssl.vidible.tv/prod/ad-client/js/4.1.11/0.js, line 210: NS_ERROR_NOT_INITIALIZED: 
JavaScript error: https://cdn-ssl.vidible.tv/prod/ad-client/js/4.1.11/0.js, line 210: NS_ERROR_NOT_INITIALIZED: 
JavaScript error: https://cdn-ssl.vidible.tv/prod/ad-client/js/4.1.11/0.js, line 210: NS_ERROR_NOT_INITIALIZED: 
JavaScript error: https://cdn-ssl.vidible.tv/prod/ad-client/js/4.1.11/0.js, line 210: NS_ERROR_NOT_INITIALIZED: 
JavaScript error: https://cdn-ssl.vidible.tv/prod/ad-client/js/4.1.11/0.js, line 210: NS_ERROR_NOT_INITIALIZED: 
JavaScript error: https://cdn-ssl.vidible.tv/prod/ad-client/js/4.1.11/0.js, line 210: NS_ERROR_NOT_INITIALIZED: 
JavaScript error: https://cdn-ssl.vidible.tv/prod/ad-client/js/4.1.11/0.js, line 210: NS_ERROR_NOT_INITIALIZED: 
JavaScript error: https://cdn-ssl.vidible.tv/prod/ad-client/js/4.1.11/0.js, line 210: NS_ERROR_NOT_INITIALIZED: 
JavaScript error: https://cdn-ssl.vidible.tv/prod/ad-client/js/4.1.11/0.js, line 210: NS_ERROR_NOT_INITIALIZED: 
JavaScript error: https://cdn-ssl.vidible.tv/prod/ad-client/js/4.1.11/0.js, line 210: NS_ERROR_NOT_INITIALIZED: 
JavaScript error: https://cdn-ssl.vidible.tv/prod/ad-client/js/4.1.11/0.js, line 210: NS_ERROR_NOT_INITIALIZED: 
JavaScript error: https://cdn-ssl.vidible.tv/prod/ad-client/js/4.1.11/0.js, line 210: NS_ERROR_NOT_INITIALIZED: 
JavaScript error: https://cdn-ssl.vidible.tv/prod/ad-client/js/4.1.11/0.js, line 210: NS_ERROR_NOT_INITIALIZED: 
JavaScript error: https://cdn-ssl.vidible.tv/prod/ad-client/js/4.1.11/0.js, line 210: NS_ERROR_NOT_INITIALIZED: 
JavaScript error: https://cdn-ssl.vidible.tv/prod/ad-client/js/4.1.11/0.js, line 210: NS_ERROR_NOT_INITIALIZED: 
JavaScript error: https://cdn-ssl.vidible.tv/prod/ad-client/js/4.1.11/0.js, line 210: NS_ERROR_NOT_INITIALIZED: 
JavaScript error: https://cdn-ssl.vidible.tv/prod/ad-client/js/4.1.11/0.js, line 210: NS_ERROR_NOT_INITIALIZED: 
JavaScript error: https://cdn-ssl.vidible.tv/prod/ad-client/js/4.1.11/0.js, line 210: NS_ERROR_NOT_INITIALIZED: 
JavaScript error: https://cdn-ssl.vidible.tv/prod/ad-client/js/4.1.11/0.js, line 210: NS_ERROR_NOT_INITIALIZED: 
JavaScript error: https://cdn-ssl.vidible.tv/prod/ad-client/js/4.1.11/0.js, line 210: NS_ERROR_NOT_INITIALIZED: 
JavaScript error: https://cdn-ssl.vidible.tv/prod/ad-client/js/4.1.11/0.js, line 210: NS_ERROR_NOT_INITIALIZED: 
JavaScript error: https://cdn-ssl.vidible.tv/prod/ad-client/js/4.1.11/0.js, line 210: NS_ERROR_NOT_INITIALIZED: 
JavaScript error: https://cdn-ssl.vidible.tv/prod/ad-client/js/4.1.11/0.js, line 210: NS_ERROR_NOT_INITIALIZED: 
JavaScript error: https://cdn-ssl.vidible.tv/prod/ad-client/js/4.1.11/0.js, line 210: NS_ERROR_NOT_INITIALIZED: 
JavaScript error: https://cdn-ssl.vidible.tv/prod/ad-client/js/4.1.11/0.js, line 210: NS_ERROR_NOT_INITIALIZED: 
JavaScript error: https://cdn-ssl.vidible.tv/prod/ad-client/js/4.1.11/0.js, line 210: NS_ERROR_NOT_INITIALIZED: 
JavaScript error: https://cdn-ssl.vidible.tv/prod/ad-client/js/4.1.11/0.js, line 210: NS_ERROR_NOT_INITIALIZED: 
JavaScript error: https://cdn-ssl.vidible.tv/prod/ad-client/js/4.1.11/0.js, line 210: NS_ERROR_NOT_INITIALIZED: 
JavaScript error: https://cdn-ssl.vidible.tv/prod/ad-client/js/4.1.11/0.js, line 210: NS_ERROR_NOT_INITIALIZED: 
JavaScript error: https://cdn-ssl.vidible.tv/prod/ad-client/js/4.1.11/0.js, line 210: NS_ERROR_NOT_INITIALIZED: 
JavaScript error: https://cdn-ssl.vidible.tv/prod/ad-client/js/4.1.11/0.js, line 210: NS_ERROR_NOT_INITIALIZED: 
JavaScript error: https://cdn.taboola.com/libtrc/impl.325-82-RELEASE.js, line 3: TypeError: this.formatedTRCRequest is undefined
JavaScript error: https://cdn.doubleverify.com/dv-measurements239.js, line 51: NS_ERROR_NOT_INITIALIZED: 
JavaScript error: https://tpc.googlesyndication.com/sodar/6uQTKQJz.html, line 29: NS_ERROR_NOT_INITIALIZED: 
JavaScript error: https://cdn.doubleverify.com/dv-measurements239.js, line 51: NS_ERROR_NOT_INITIALIZED: 
JavaScript error: https://cdn.taboola.com/libtrc/impl.325-82-RELEASE.js, line 3: TypeError: this.formatedTRCRequest is undefined
JavaScript error: https://s0.2mdn.net/879366/express_html_inpage_rendering_lib_200_241.js, line 58: NS_ERROR_NOT_INITIALIZED: 
JavaScript error: https://tpc.googlesyndication.com/sodar/6uQTKQJz.html, line 29: NS_ERROR_NOT_INITIALIZED: 
JavaScript error: https://cdn.taboola.com/libtrc/impl.325-82-RELEASE.js, line 3: TypeError: this.formatedTRCRequest is undefined
JavaScript error: https://cdn.taboola.com/libtrc/impl.325-82-RELEASE.js, line 3: TypeError: this.formatedTRCRequest is undefined
JavaScript error: https://cdn.taboola.com/libtrc/impl.325-82-RELEASE.js, line 3: TypeError: this.formatedTRCRequest is undefined
JavaScript error: https://s0.2mdn.net/ads/studio/cached_libs/tweenmax_1.19.1_92cf05aba6ca4ea5cbc62b5a7cb924e3_min.js, line 15: TypeError: $(...) is null
JavaScript error: https://s0.2mdn.net/ads/studio/cached_libs/tweenmax_1.19.1_92cf05aba6ca4ea5cbc62b5a7cb924e3_min.js, line 15: TypeError: $(...) is null
JavaScript error: https://tpc.googlesyndication.com/sodar/6uQTKQJz.html, line 29: NS_ERROR_NOT_INITIALIZED: 
JavaScript error: https://cdn.taboola.com/libtrc/impl.325-82-RELEASE.js, line 3: TypeError: this.formatedTRCRequest is undefined
JavaScript error: https://cdn.taboola.com/libtrc/impl.325-82-RELEASE.js, line 3: TypeError: this.formatedTRCRequest is undefined
JavaScript error: https://cdn.taboola.com/libtrc/impl.325-82-RELEASE.js, line 3: TypeError: this.formatedTRCRequest is undefined
JavaScript error: https://cdn-ssl.vidible.tv/prod/ad-client/js/4.1.11/0.js, line 210: NS_ERROR_NOT_INITIALIZED: 
JavaScript error: chrome://browser/content/browser.js, line 7038: TypeError: cannot use the given object as a weak map key
JavaScript error: resource://gre/modules/AsyncShutdown.jsm, line 683: Error: Phase "profile-before-change" is finished, it is too late to register completion condition "CrashService waiting for content crash ping to be sent"

###!!! [Parent][MessageChannel] Error: (msgtype=0x480017,name=PHttpChannel::Msg_DeleteSelf) Channel error: cannot send/recv


###!!! [Parent][MessageChannel] Error: (msgtype=0x480017,name=PHttpChannel::Msg_DeleteSelf) Channel error: cannot send/recv


###!!! [Parent][MessageChannel] Error: (msgtype=0x480017,name=PHttpChannel::Msg_DeleteSelf) Channel error: cannot send/recv


###!!! [Parent][MessageChannel] Error: (msgtype=0x480017,name=PHttpChannel::Msg_DeleteSelf) Channel error: cannot send/recv

[GFX1]: Attempting to post to a invalid Compositor Loop
JavaScript error: resource:///modules/webrtcUI.jsm, line 1091: NS_ERROR_UNEXPECTED: Component returned failure code: 0x8000ffff (NS_ERROR_UNEXPECTED) [nsIWindowMediator.getEnumerator]
A content process crashed and MOZ_CRASHREPORTER_SHUTDOWN is set, shutting down
